#
# There is insufficient memory for the Java Runtime Environment to continue.
# Native memory allocation (malloc) failed to allocate 1244496 bytes for Chunk::new
# Possible reasons:
#   The system is out of physical RAM or swap space
#   The process is running with CompressedOops enabled, and the Java Heap may be blocking the growth of the native heap
# Possible solutions:
#   Reduce memory load on the system
#   Increase physical memory or swap space
#   Check if swap backing store is full
#   Decrease Java heap size (-Xmx/-Xms)
#   Decrease number of Java threads
#   Decrease Java thread stack sizes (-Xss)
#   Set larger code cache with -XX:ReservedCodeCacheSize=
#   JVM is running with Unscaled Compressed Oops mode in which the Java heap is
#     placed in the first 4GB address space. The Java Heap base address is the
#     maximum limit for the native heap growth. Please use -XX:HeapBaseMinAddress
#     to set the Java Heap base and to place the Java Heap above 4GB virtual address.
# This output file may be truncated or incomplete.
#
#  Out of Memory Error (allocation.cpp:389), pid=7692, tid=0x00000000000046bc
#
# JRE version: OpenJDK Runtime Environment (8.0_242-b01) (build 1.8.0_242-release-1644-b01)
# Java VM: OpenJDK 64-Bit Server VM (25.242-b01 mixed mode windows-amd64 compressed oops)
# Failed to write core dump. Minidumps are not enabled by default on client versions of Windows
#

---------------  T H R E A D  ---------------

Current thread (0x0000000019815800):  JavaThread "C2 CompilerThread1" daemon [_thread_in_native, id=18108, stack(0x000000001a1e0000,0x000000001a2e0000)]

Stack: [0x000000001a1e0000,0x000000001a2e0000]
[error occurred during error reporting (printing stack bounds), id 0xc0000005]

Native frames: (J=compiled Java code, j=interpreted, Vv=VM code, C=native code)


Current CompileTask:
C2:11260659 20584       4       java.io.ObjectInputStream::readClassDesc (128 bytes)


---------------  P R O C E S S  ---------------

Java Threads: ( => current thread )
  0x0000000024326800 JavaThread "WorkerExecutor Queue Thread 5" [_thread_blocked, id=2552, stack(0x00000000298a0000,0x00000000299a0000)]
  0x000000002432d000 JavaThread "WorkerExecutor Queue Thread 4" [_thread_blocked, id=3600, stack(0x00000000295a0000,0x00000000296a0000)]
  0x000000002432c800 JavaThread "WorkerExecutor Queue Thread 3" [_thread_blocked, id=8736, stack(0x00000000292a0000,0x00000000293a0000)]
  0x0000000024325000 JavaThread "WorkerExecutor Queue Thread 2" [_thread_in_Java, id=18140, stack(0x0000000028ba0000,0x0000000028ca0000)]
  0x000000002432b800 JavaThread "WorkerExecutor Queue" [_thread_blocked, id=8104, stack(0x0000000028aa0000,0x0000000028ba0000)]
  0x000000002432b000 JavaThread "Cache worker for Java compile cache (E:\AndroidApps\WhatsApp\.gradle\6.1.1\javaCompile)" [_thread_blocked, id=1260, stack(0x0000000028350000,0x0000000028450000)]
  0x0000000024324000 JavaThread "Cache worker for execution history cache (E:\AndroidApps\WhatsApp\.gradle\6.1.1\executionHistory)" [_thread_blocked, id=18556, stack(0x0000000028250000,0x0000000028350000)]
  0x0000000024329800 JavaThread "Execution worker for ':' Thread 7" [_thread_blocked, id=11476, stack(0x0000000028150000,0x0000000028250000)]
  0x0000000024328000 JavaThread "Execution worker for ':' Thread 6" [_thread_blocked, id=14616, stack(0x0000000028050000,0x0000000028150000)]
  0x0000000023571000 JavaThread "Execution worker for ':' Thread 5" [_thread_blocked, id=10084, stack(0x0000000027b50000,0x0000000027c50000)]
  0x0000000023572800 JavaThread "Execution worker for ':' Thread 4" [_thread_blocked, id=18956, stack(0x0000000027550000,0x0000000027650000)]
  0x0000000023573000 JavaThread "Execution worker for ':' Thread 3" [_thread_blocked, id=5272, stack(0x0000000027450000,0x0000000027550000)]
  0x0000000023574000 JavaThread "Execution worker for ':' Thread 2" [_thread_blocked, id=8056, stack(0x0000000027150000,0x0000000027250000)]
  0x0000000023571800 JavaThread "Execution worker for ':'" [_thread_blocked, id=13464, stack(0x0000000026e50000,0x0000000026f50000)]
  0x0000000023574800 JavaThread "Cache worker for file content cache (E:\AndroidApps\WhatsApp\.gradle\6.1.1\fileContent)" [_thread_blocked, id=3132, stack(0x0000000026d50000,0x0000000026e50000)]
  0x0000000023569800 JavaThread "Cache worker for Build Output Cleanup Cache (E:\AndroidApps\WhatsApp\.gradle\buildOutputCleanup)" [_thread_blocked, id=14784, stack(0x0000000026ae0000,0x0000000026be0000)]
  0x0000000023570000 JavaThread "Build operations Thread 8" [_thread_blocked, id=17008, stack(0x00000000269e0000,0x0000000026ae0000)]
  0x0000000023568800 JavaThread "Build operations Thread 7" [_thread_blocked, id=12708, stack(0x0000000025b30000,0x0000000025c30000)]
  0x000000002356e800 JavaThread "Build operations Thread 6" [_thread_blocked, id=13552, stack(0x0000000024460000,0x0000000024560000)]
  0x0000000023567000 JavaThread "Build operations Thread 5" [_thread_blocked, id=11344, stack(0x0000000024360000,0x0000000024460000)]
  0x000000002356e000 JavaThread "Build operations Thread 4" [_thread_blocked, id=19064, stack(0x0000000023050000,0x0000000023150000)]
  0x0000000023568000 JavaThread "Build operations Thread 3" [_thread_blocked, id=12380, stack(0x0000000022e20000,0x0000000022f20000)]
  0x0000000023566800 JavaThread "Build operations Thread 2" [_thread_blocked, id=14924, stack(0x0000000022d20000,0x0000000022e20000)]
  0x000000002356c800 JavaThread "Build operations" [_thread_blocked, id=11924, stack(0x0000000022c20000,0x0000000022d20000)]
  0x000000002356b800 JavaThread "Cache worker for cache directory md-rule (C:\Users\Jeevan.DESKTOP-JPTEO2O.000\.gradle\caches\6.1.1\md-rule)" [_thread_blocked, id=19160, stack(0x0000000022f50000,0x0000000023050000)]
  0x000000002356a000 JavaThread "Cache worker for cache directory md-supplier (C:\Users\Jeevan.DESKTOP-JPTEO2O.000\.gradle\caches\6.1.1\md-supplier)" [_thread_blocked, id=8344, stack(0x0000000021030000,0x0000000021130000)]
  0x000000001d9dc000 JavaThread "Cache worker for file hash cache (E:\AndroidApps\WhatsApp\.gradle\6.1.1\fileHashes)" [_thread_blocked, id=13732, stack(0x00000000208a0000,0x00000000209a0000)]
  0x000000001d9db000 JavaThread "Cache worker for checksums cache (E:\AndroidApps\WhatsApp\.gradle\checksums)" [_thread_blocked, id=18264, stack(0x00000000207a0000,0x00000000208a0000)]
  0x000000001d9de000 JavaThread "Thread-412" [_thread_blocked, id=19900, stack(0x00000000206a0000,0x00000000207a0000)]
  0x000000001d9df800 JavaThread "Stdin handler" [_thread_blocked, id=12328, stack(0x000000001ce30000,0x000000001cf30000)]
  0x000000001d9dc800 JavaThread "Asynchronous log dispatcher for DefaultDaemonConnection: socket connection from /127.0.0.1:53824 to /127.0.0.1:55945" [_thread_blocked, id=14896, stack(0x000000001cd30000,0x000000001ce30000)]
  0x000000001d9d3000 JavaThread "Daemon worker Thread 10" [_thread_blocked, id=5784, stack(0x000000001cc30000,0x000000001cd30000)]
  0x000000001d9d8000 JavaThread "Cancel handler" [_thread_blocked, id=19948, stack(0x000000001c930000,0x000000001ca30000)]
  0x000000001d9d0800 JavaThread "Handler for socket connection from /127.0.0.1:53824 to /127.0.0.1:55945" [_thread_in_native, id=17736, stack(0x000000001c830000,0x000000001c930000)]
  0x000000001d9d7800 JavaThread "Daemon Thread 10" [_thread_blocked, id=13048, stack(0x0000000000b60000,0x0000000000c60000)]
  0x000000002356d000 JavaThread "Cache worker for Java compile cache (C:\Users\Jeevan.DESKTOP-JPTEO2O.000\.gradle\caches\6.1.1\javaCompile)" [_thread_blocked, id=10036, stack(0x0000000027a50000,0x0000000027b50000)]
  0x000000001d9df000 JavaThread "Cache worker for file content cache (C:\Users\Jeevan.DESKTOP-JPTEO2O.000\.gradle\caches\6.1.1\fileContent)" [_thread_blocked, id=18964, stack(0x0000000026c50000,0x0000000026d50000)]
  0x000000001d9da800 JavaThread "Memory manager" [_thread_blocked, id=14944, stack(0x00000000268e0000,0x00000000269e0000)]
  0x000000001be84800 JavaThread "Cache worker for execution history cache (C:\Users\Jeevan.DESKTOP-JPTEO2O.000\.gradle\caches\6.1.1\executionHistory)" [_thread_blocked, id=12500, stack(0x0000000021130000,0x0000000021230000)]
  0x000000001be89000 JavaThread "Cache worker for file hash cache (C:\Users\Jeevan.DESKTOP-JPTEO2O.000\.gradle\caches\6.1.1\fileHashes)" [_thread_blocked, id=15844, stack(0x000000001f5d0000,0x000000001f6d0000)]
  0x000000001be87800 JavaThread "File lock request listener" [_thread_in_native, id=12472, stack(0x000000001e500000,0x000000001e600000)]
  0x0000000019a8f800 JavaThread "Cache worker for journal cache (C:\Users\Jeevan.DESKTOP-JPTEO2O.000\.gradle\caches\journal-1)" [_thread_blocked, id=19284, stack(0x000000001e400000,0x000000001e500000)]
  0x000000001b9ab000 JavaThread "Daemon periodic checks" [_thread_blocked, id=14392, stack(0x000000001c730000,0x000000001c830000)]
  0x000000001ab53800 JavaThread "Incoming local TCP Connector on port 53824" [_thread_in_native, id=1860, stack(0x000000001c4f0000,0x000000001c5f0000)]
  0x000000001990a000 JavaThread "Daemon health stats" [_thread_blocked, id=8464, stack(0x000000001beb0000,0x000000001bfb0000)]
  0x0000000019897000 JavaThread "Service Thread" daemon [_thread_blocked, id=17180, stack(0x000000001a4e0000,0x000000001a5e0000)]
  0x000000001981e800 JavaThread "C1 CompilerThread3" daemon [_thread_in_vm, id=13108, stack(0x000000001a3e0000,0x000000001a4e0000)]
  0x0000000019818800 JavaThread "C2 CompilerThread2" daemon [_thread_in_native, id=15548, stack(0x000000001a2e0000,0x000000001a3e0000)]
=>0x0000000019815800 JavaThread "C2 CompilerThread1" daemon [_thread_in_native, id=18108, stack(0x000000001a1e0000,0x000000001a2e0000)]
  0x0000000019812000 JavaThread "C2 CompilerThread0" daemon [_thread_in_native, id=7420, stack(0x000000001a0e0000,0x000000001a1e0000)]
  0x0000000019811000 JavaThread "Attach Listener" daemon [_thread_blocked, id=10248, stack(0x0000000019fe0000,0x000000001a0e0000)]
  0x000000001980e000 JavaThread "Signal Dispatcher" daemon [_thread_blocked, id=2400, stack(0x0000000019ee0000,0x0000000019fe0000)]
  0x0000000002998000 JavaThread "Finalizer" daemon [_thread_blocked, id=2024, stack(0x0000000019ce0000,0x0000000019de0000)]
  0x0000000019800800 JavaThread "Reference Handler" daemon [_thread_blocked, id=10620, stack(0x0000000019be0000,0x0000000019ce0000)]
  0x00000000028a2800 JavaThread "main" [_thread_blocked, id=9440, stack(0x00000000026c0000,0x00000000027c0000)]

Other Threads:
  0x0000000017a09000 VMThread [stack: 0x00000000196e0000,0x00000000197e0000] [id=5444]
  0x0000000019898000 WatcherThread [stack: 0x000000001a5e0000,0x000000001a6e0000] [id=10336]

VM state:not at safepoint (normal execution)

VM Mutex/Monitor currently owned by a thread: None

heap address: 0x0000000080000000, size: 2048 MB, Compressed Oops mode: 32-bit
Narrow klass base: 0x0000000000000000, Narrow klass shift: 3
Compressed class space size: 1073741824 Address: 0x0000000100000000

Heap:
 PSYoungGen      total 376832K, used 179038K [0x00000000d5580000, 0x00000000f3480000, 0x0000000100000000)
  eden space 360960K, 45% used [0x00000000d5580000,0x00000000df5121b0,0x00000000eb600000)
  from space 15872K, 99% used [0x00000000eef00000,0x00000000efe779c0,0x00000000efe80000)
  to   space 45568K, 0% used [0x00000000f0800000,0x00000000f0800000,0x00000000f3480000)
 ParOldGen       total 115200K, used 82764K [0x0000000080000000, 0x0000000087080000, 0x00000000d5580000)
  object space 115200K, 71% used [0x0000000080000000,0x00000000850d30a8,0x0000000087080000)
 Metaspace       used 91828K, capacity 98266K, committed 98480K, reserved 1134592K
  class space    used 12106K, capacity 13213K, committed 13232K, reserved 1048576K

Card table byte_map: [0x0000000011d60000,0x0000000012170000] byte_map_base: 0x0000000011960000

Marking Bits: (ParMarkBitMap*) 0x000000005ab5f030
 Begin Bits: [0x0000000012c20000, 0x0000000014c20000)
 End Bits:   [0x0000000014c20000, 0x0000000016c20000)

Polling page: 0x00000000005e0000

CodeCache: size=245760Kb used=57663Kb max_used=57668Kb free=188096Kb
 bounds [0x00000000029a0000, 0x0000000006250000, 0x00000000119a0000]
 total_blobs=16956 nmethods=16095 adapters=773
 compilation: enabled

Compilation events (10 events):
Event: 11259.429 Thread 0x000000001981e800 nmethod 20626 0x000000000620cf90 code [0x000000000620dd60, 0x0000000006217df8]
Event: 11259.429 Thread 0x000000001981e800 20628       3       com.android.tools.r8.ir.regalloc.j::b (207 bytes)
Event: 11259.433 Thread 0x000000001981e800 nmethod 20628 0x000000000621eb50 code [0x000000000621eec0, 0x0000000006220a78]
Event: 11259.433 Thread 0x000000001981e800 20629       3       com.android.tools.r8.ir.conversion.o0::a (18 bytes)
Event: 11259.433 Thread 0x000000001981e800 nmethod 20629 0x00000000033a3a10 code [0x00000000033a3b80, 0x00000000033a3e18]
Event: 11259.434 Thread 0x000000001981e800 20627       3       com.android.tools.r8.ir.optimize.e::a (105 bytes)
Event: 11259.436 Thread 0x000000001981e800 nmethod 20627 0x0000000006221ad0 code [0x0000000006221dc0, 0x0000000006223328]
Event: 11259.487 Thread 0x000000001981e800 20630       3       com.android.tools.r8.u.b.b0::G2 (81 bytes)
Event: 11259.488 Thread 0x000000001981e800 nmethod 20630 0x00000000048c1590 code [0x00000000048c17a0, 0x00000000048c22d8]
Event: 11259.489 Thread 0x000000001981e800 20631       3       com.android.tools.r8.ir.optimize.Z::a (1306 bytes)

GC Heap History (10 events):
Event: 1151.421 GC heap before
{Heap before GC invocations=18 (full 3):
 PSYoungGen      total 462848K, used 462838K [0x00000000d5580000, 0x00000000f4600000, 0x0000000100000000)
  eden space 428544K, 100% used [0x00000000d5580000,0x00000000ef800000,0x00000000ef800000)
  from space 34304K, 99% used [0x00000000f2280000,0x00000000f43fd930,0x00000000f4400000)
  to   space 39936K, 0% used [0x00000000ef800000,0x00000000ef800000,0x00000000f1f00000)
 ParOldGen       total 115200K, used 67494K [0x0000000080000000, 0x0000000087080000, 0x00000000d5580000)
  object space 115200K, 58% used [0x0000000080000000,0x00000000841e9810,0x0000000087080000)
 Metaspace       used 89325K, capacity 94702K, committed 94896K, reserved 1130496K
  class space    used 11940K, capacity 12915K, committed 12976K, reserved 1048576K
Event: 1152.025 GC heap after
Heap after GC invocations=18 (full 3):
 PSYoungGen      total 468480K, used 32885K [0x00000000d5580000, 0x00000000f7500000, 0x0000000100000000)
  eden space 428544K, 0% used [0x00000000d5580000,0x00000000d5580000,0x00000000ef800000)
  from space 39936K, 82% used [0x00000000ef800000,0x00000000f181d6a8,0x00000000f1f00000)
  to   space 43520K, 0% used [0x00000000f4a80000,0x00000000f4a80000,0x00000000f7500000)
 ParOldGen       total 115200K, used 72160K [0x0000000080000000, 0x0000000087080000, 0x00000000d5580000)
  object space 115200K, 62% used [0x0000000080000000,0x0000000084678340,0x0000000087080000)
 Metaspace       used 89325K, capacity 94702K, committed 94896K, reserved 1130496K
  class space    used 11940K, capacity 12915K, committed 12976K, reserved 1048576K
}
Event: 1855.287 GC heap before
{Heap before GC invocations=19 (full 3):
 PSYoungGen      total 468480K, used 461429K [0x00000000d5580000, 0x00000000f7500000, 0x0000000100000000)
  eden space 428544K, 100% used [0x00000000d5580000,0x00000000ef800000,0x00000000ef800000)
  from space 39936K, 82% used [0x00000000ef800000,0x00000000f181d6a8,0x00000000f1f00000)
  to   space 43520K, 0% used [0x00000000f4a80000,0x00000000f4a80000,0x00000000f7500000)
 ParOldGen       total 115200K, used 72160K [0x0000000080000000, 0x0000000087080000, 0x00000000d5580000)
  object space 115200K, 62% used [0x0000000080000000,0x0000000084678340,0x0000000087080000)
 Metaspace       used 90446K, capacity 96576K, committed 96688K, reserved 1132544K
  class space    used 12058K, capacity 13128K, committed 13232K, reserved 1048576K
Event: 1855.883 GC heap after
Heap after GC invocations=19 (full 3):
 PSYoungGen      total 431616K, used 20785K [0x00000000d5580000, 0x00000000f5f00000, 0x0000000100000000)
  eden space 410624K, 0% used [0x00000000d5580000,0x00000000d5580000,0x00000000ee680000)
  from space 20992K, 99% used [0x00000000f4a80000,0x00000000f5ecc5a8,0x00000000f5f00000)
  to   space 41984K, 0% used [0x00000000f0d00000,0x00000000f0d00000,0x00000000f3600000)
 ParOldGen       total 115200K, used 72168K [0x0000000080000000, 0x0000000087080000, 0x00000000d5580000)
  object space 115200K, 62% used [0x0000000080000000,0x000000008467a340,0x0000000087080000)
 Metaspace       used 90446K, capacity 96576K, committed 96688K, reserved 1132544K
  class space    used 12058K, capacity 13128K, committed 13232K, reserved 1048576K
}
Event: 1946.454 GC heap before
{Heap before GC invocations=20 (full 3):
 PSYoungGen      total 431616K, used 431409K [0x00000000d5580000, 0x00000000f5f00000, 0x0000000100000000)
  eden space 410624K, 100% used [0x00000000d5580000,0x00000000ee680000,0x00000000ee680000)
  from space 20992K, 99% used [0x00000000f4a80000,0x00000000f5ecc5a8,0x00000000f5f00000)
  to   space 41984K, 0% used [0x00000000f0d00000,0x00000000f0d00000,0x00000000f3600000)
 ParOldGen       total 115200K, used 72168K [0x0000000080000000, 0x0000000087080000, 0x00000000d5580000)
  object space 115200K, 62% used [0x0000000080000000,0x000000008467a340,0x0000000087080000)
 Metaspace       used 90723K, capacity 96942K, committed 97200K, reserved 1132544K
  class space    used 12062K, capacity 13135K, committed 13232K, reserved 1048576K
Event: 1947.079 GC heap after
Heap after GC invocations=20 (full 3):
 PSYoungGen      total 433152K, used 39644K [0x00000000d5580000, 0x00000000f4b00000, 0x0000000100000000)
  eden space 393216K, 0% used [0x00000000d5580000,0x00000000d5580000,0x00000000ed580000)
  from space 39936K, 99% used [0x00000000f0d00000,0x00000000f33b7028,0x00000000f3400000)
  to   space 23552K, 0% used [0x00000000f3400000,0x00000000f3400000,0x00000000f4b00000)
 ParOldGen       total 115200K, used 72176K [0x0000000080000000, 0x0000000087080000, 0x00000000d5580000)
  object space 115200K, 62% used [0x0000000080000000,0x000000008467c340,0x0000000087080000)
 Metaspace       used 90723K, capacity 96942K, committed 97200K, reserved 1132544K
  class space    used 12062K, capacity 13135K, committed 13232K, reserved 1048576K
}
Event: 2280.927 GC heap before
{Heap before GC invocations=21 (full 3):
 PSYoungGen      total 433152K, used 432860K [0x00000000d5580000, 0x00000000f4b00000, 0x0000000100000000)
  eden space 393216K, 100% used [0x00000000d5580000,0x00000000ed580000,0x00000000ed580000)
  from space 39936K, 99% used [0x00000000f0d00000,0x00000000f33b7028,0x00000000f3400000)
  to   space 23552K, 0% used [0x00000000f3400000,0x00000000f3400000,0x00000000f4b00000)
 ParOldGen       total 115200K, used 72176K [0x0000000080000000, 0x0000000087080000, 0x00000000d5580000)
  object space 115200K, 62% used [0x0000000080000000,0x000000008467c340,0x0000000087080000)
 Metaspace       used 91368K, capacity 97858K, committed 97968K, reserved 1134592K
  class space    used 12103K, capacity 13209K, committed 13232K, reserved 1048576K
Event: 2281.733 GC heap after
Heap after GC invocations=21 (full 3):
 PSYoungGen      total 400384K, used 23528K [0x00000000d5580000, 0x00000000f4b00000, 0x0000000100000000)
  eden space 376832K, 0% used [0x00000000d5580000,0x00000000d5580000,0x00000000ec580000)
  from space 23552K, 99% used [0x00000000f3400000,0x00000000f4afa2b0,0x00000000f4b00000)
  to   space 47104K, 0% used [0x00000000eef00000,0x00000000eef00000,0x00000000f1d00000)
 ParOldGen       total 115200K, used 76307K [0x0000000080000000, 0x0000000087080000, 0x00000000d5580000)
  object space 115200K, 66% used [0x0000000080000000,0x0000000084a84f78,0x0000000087080000)
 Metaspace       used 91368K, capacity 97858K, committed 97968K, reserved 1134592K
  class space    used 12103K, capacity 13209K, committed 13232K, reserved 1048576K
}
Event: 11247.152 GC heap before
{Heap before GC invocations=22 (full 3):
 PSYoungGen      total 400384K, used 400360K [0x00000000d5580000, 0x00000000f4b00000, 0x0000000100000000)
  eden space 376832K, 100% used [0x00000000d5580000,0x00000000ec580000,0x00000000ec580000)
  from space 23552K, 99% used [0x00000000f3400000,0x00000000f4afa2b0,0x00000000f4b00000)
  to   space 47104K, 0% used [0x00000000eef00000,0x00000000eef00000,0x00000000f1d00000)
 ParOldGen       total 115200K, used 76307K [0x0000000080000000, 0x0000000087080000, 0x00000000d5580000)
  object space 115200K, 66% used [0x0000000080000000,0x0000000084a84f78,0x0000000087080000)
 Metaspace       used 91688K, capacity 98138K, committed 98224K, reserved 1134592K
  class space    used 12105K, capacity 13213K, committed 13232K, reserved 1048576K
Event: 11247.677 GC heap after
Heap after GC invocations=22 (full 3):
 PSYoungGen      total 376832K, used 15838K [0x00000000d5580000, 0x00000000f3480000, 0x0000000100000000)
  eden space 360960K, 0% used [0x00000000d5580000,0x00000000d5580000,0x00000000eb600000)
  from space 15872K, 99% used [0x00000000eef00000,0x00000000efe779c0,0x00000000efe80000)
  to   space 45568K, 0% used [0x00000000f0800000,0x00000000f0800000,0x00000000f3480000)
 ParOldGen       total 115200K, used 82764K [0x0000000080000000, 0x0000000087080000, 0x00000000d5580000)
  object space 115200K, 71% used [0x0000000080000000,0x00000000850d30a8,0x0000000087080000)
 Metaspace       used 91688K, capacity 98138K, committed 98224K, reserved 1134592K
  class space    used 12105K, capacity 13213K, committed 13232K, reserved 1048576K
}

Deoptimization events (10 events):
Event: 2109.814 Thread 0x000000001d9de000 Uncommon trap: reason=speculate_class_check action=maybe_recompile pc=0x00000000059f3044 method=com.android.tools.r8.graph.k.equals(Ljava/lang/Object;)Z @ 7
Event: 2110.468 Thread 0x000000001d9db000 Uncommon trap: reason=unstable_if action=reinterpret pc=0x0000000005a43e20 method=java.util.TimSort.mergeLo(IIII)V @ 474
Event: 2111.093 Thread 0x000000002432c800 Uncommon trap: reason=class_check action=maybe_recompile pc=0x00000000030304c8 method=org.gradle.internal.fingerprint.classpath.impl.ClasspathFingerprintingStrategy$ClasspathContentFingerprintingVisitor.visitFile(Lorg/gradle/internal/snapshot/CompleteFile
Event: 2297.604 Thread 0x000000001d9d8000 Uncommon trap: reason=unstable_if action=reinterpret pc=0x0000000005f47bc0 method=java.util.TimSort.mergeLo(IIII)V @ 499
Event: 2297.950 Thread 0x000000002432b800 Uncommon trap: reason=unstable_if action=reinterpret pc=0x0000000002ea269c method=java.util.LinkedHashMap.afterNodeInsertion(Z)V @ 18
Event: 2298.125 Thread 0x000000002432b800 Uncommon trap: reason=class_check action=maybe_recompile pc=0x00000000030304c8 method=org.gradle.internal.fingerprint.classpath.impl.ClasspathFingerprintingStrategy$ClasspathContentFingerprintingVisitor.visitFile(Lorg/gradle/internal/snapshot/CompleteFile
Event: 11248.237 Thread 0x0000000023574000 Uncommon trap: reason=unstable_if action=reinterpret pc=0x0000000004a258cc method=com.google.common.cache.LongAdder.add(J)V @ 72
Event: 11248.406 Thread 0x0000000023573000 Uncommon trap: reason=unstable_if action=reinterpret pc=0x0000000005ffe128 method=com.google.common.collect.MapMakerInternalMap$WeakKeyDummyValueEntry$Helper.copy(Lcom/google/common/collect/MapMakerInternalMap$WeakKeyDummyValueSegment;Lcom/google/common/c
Event: 11254.870 Thread 0x0000000024328000 Uncommon trap: reason=unstable_if action=reinterpret pc=0x00000000041e3790 method=com.sun.tools.javac.code.Scope.dble()V @ 44
Event: 11258.563 Thread 0x0000000023571000 Uncommon trap: reason=null_check action=make_not_entrant pc=0x000000000616de58 method=java.io.ObjectInputStream.readClassDesc(Z)Ljava/io/ObjectStreamClass; @ 56

Classes redefined (0 events):
No events

Internal exceptions (10 events):
Event: 11249.614 Thread 0x0000000024328000 Exception <a 'sun/nio/fs/WindowsException'> (0x00000000d9269948) thrown at [C:\src\AOSP-openjdk-git\hotspot\src\share\vm\prims\jni.cpp, line 710]
Event: 11249.615 Thread 0x0000000024328000 Exception <a 'sun/nio/fs/WindowsException'> (0x00000000d926a5f8) thrown at [C:\src\AOSP-openjdk-git\hotspot\src\share\vm\prims\jni.cpp, line 710]
Event: 11249.617 Thread 0x0000000024328000 Exception <a 'sun/nio/fs/WindowsException'> (0x00000000d926e118) thrown at [C:\src\AOSP-openjdk-git\hotspot\src\share\vm\prims\jni.cpp, line 710]
Event: 11249.617 Thread 0x0000000024328000 Exception <a 'sun/nio/fs/WindowsException'> (0x00000000d926ed80) thrown at [C:\src\AOSP-openjdk-git\hotspot\src\share\vm\prims\jni.cpp, line 710]
Event: 11249.617 Thread 0x0000000024328000 Exception <a 'sun/nio/fs/WindowsException'> (0x00000000d926fa70) thrown at [C:\src\AOSP-openjdk-git\hotspot\src\share\vm\prims\jni.cpp, line 710]
Event: 11249.617 Thread 0x0000000024328000 Exception <a 'sun/nio/fs/WindowsException'> (0x00000000d9271790) thrown at [C:\src\AOSP-openjdk-git\hotspot\src\share\vm\prims\jni.cpp, line 710]
Event: 11249.617 Thread 0x0000000024328000 Exception <a 'sun/nio/fs/WindowsException'> (0x00000000d9272408) thrown at [C:\src\AOSP-openjdk-git\hotspot\src\share\vm\prims\jni.cpp, line 710]
Event: 11249.618 Thread 0x0000000024328000 Exception <a 'sun/nio/fs/WindowsException'> (0x00000000d9273108) thrown at [C:\src\AOSP-openjdk-git\hotspot\src\share\vm\prims\jni.cpp, line 710]
Event: 11258.563 Thread 0x0000000023571000 Implicit null exception at 0x0000000006170d10 to 0x000000000616de4d
Event: 11258.904 Thread 0x0000000024325000 Exception <a 'sun/nio/fs/WindowsException'> (0x00000000df15f198) thrown at [C:\src\AOSP-openjdk-git\hotspot\src\share\vm\prims\jni.cpp, line 710]

Events (10 events):
Event: 11258.565 Thread 0x0000000023571000 DEOPT UNPACKING pc=0x00000000029e557b sp=0x0000000027c4ba48 mode 2
Event: 11258.701 Thread 0x000000002432b800 Thread added: 0x000000002432b800
Event: 11258.710 Thread 0x0000000024325000 Thread added: 0x0000000024325000
Event: 11258.715 Thread 0x000000002432c800 Thread added: 0x000000002432c800
Event: 11258.715 Thread 0x000000002432d000 Thread added: 0x000000002432d000
Event: 11258.716 Thread 0x0000000024326800 Thread added: 0x0000000024326800
Event: 11258.827 Executing VM operation: RevokeBias
Event: 11258.831 Executing VM operation: RevokeBias done
Event: 11259.174 loading class java/util/IdentityHashMap$1
Event: 11259.300 loading class java/util/IdentityHashMap$1 done


Dynamic libraries:
0x00007ff6875c0000 - 0x00007ff6875f1000 	E:\Android\jre\bin\java.exe
0x00007fff85600000 - 0x00007fff857f0000 	C:\WINDOWS\SYSTEM32\ntdll.dll
0x00007fff83de0000 - 0x00007fff83e92000 	C:\WINDOWS\System32\KERNEL32.DLL
0x00007fff831d0000 - 0x00007fff83475000 	C:\WINDOWS\System32\KERNELBASE.dll
0x00007fff84d00000 - 0x00007fff84da3000 	C:\WINDOWS\System32\ADVAPI32.dll
0x00007fff83c20000 - 0x00007fff83cbe000 	C:\WINDOWS\System32\msvcrt.dll
0x00007fff85520000 - 0x00007fff855b7000 	C:\WINDOWS\System32\sechost.dll
0x00007fff83710000 - 0x00007fff83830000 	C:\WINDOWS\System32\RPCRT4.dll
0x00007fff849b0000 - 0x00007fff84b45000 	C:\WINDOWS\System32\USER32.dll
0x00007fff825e0000 - 0x00007fff82601000 	C:\WINDOWS\System32\win32u.dll
0x00007fff83830000 - 0x00007fff83856000 	C:\WINDOWS\System32\GDI32.dll
0x00007fff82fd0000 - 0x00007fff83166000 	C:\WINDOWS\System32\gdi32full.dll
0x00007fff82db0000 - 0x00007fff82e4e000 	C:\WINDOWS\System32\msvcp_win.dll
0x00007fff835b0000 - 0x00007fff836aa000 	C:\WINDOWS\System32\ucrtbase.dll
0x00007fff703c0000 - 0x00007fff70644000 	C:\WINDOWS\WinSxS\amd64_microsoft.windows.common-controls_6595b64144ccf1df_6.0.18362.1082_none_9e8193e1e45b25c1\COMCTL32.dll
0x00007fff83fe0000 - 0x00007fff84315000 	C:\WINDOWS\System32\combase.dll
0x00007fff83530000 - 0x00007fff835b0000 	C:\WINDOWS\System32\bcryptPrimitives.dll
0x00007fff83b90000 - 0x00007fff83bbe000 	C:\WINDOWS\System32\IMM32.DLL
0x000000005b0b0000 - 0x000000005b182000 	E:\Android\jre\jre\bin\msvcr100.dll
0x000000005a390000 - 0x000000005abdb000 	E:\Android\jre\jre\bin\server\jvm.dll
0x00007fff843b0000 - 0x00007fff843b8000 	C:\WINDOWS\System32\PSAPI.DLL
0x00007fff7e9f0000 - 0x00007fff7ea14000 	C:\WINDOWS\SYSTEM32\WINMM.dll
0x00007fff7e990000 - 0x00007fff7e999000 	C:\WINDOWS\SYSTEM32\WSOCK32.dll
0x00007fff7c8b0000 - 0x00007fff7c8ba000 	C:\WINDOWS\SYSTEM32\VERSION.dll
0x00007fff84c20000 - 0x00007fff84c8f000 	C:\WINDOWS\System32\WS2_32.dll
0x00007fff7e8a0000 - 0x00007fff7e8cd000 	C:\WINDOWS\SYSTEM32\WINMMBASE.dll
0x00007fff82590000 - 0x00007fff825da000 	C:\WINDOWS\System32\cfgmgr32.dll
0x00007fff7e980000 - 0x00007fff7e98f000 	E:\Android\jre\jre\bin\verify.dll
0x00007fff7c090000 - 0x00007fff7c0b9000 	E:\Android\jre\jre\bin\java.dll
0x00007fff7e340000 - 0x00007fff7e356000 	E:\Android\jre\jre\bin\zip.dll
0x00007fff84db0000 - 0x00007fff85497000 	C:\WINDOWS\System32\SHELL32.dll
0x00007fff83cc0000 - 0x00007fff83d69000 	C:\WINDOWS\System32\shcore.dll
0x00007fff82630000 - 0x00007fff82db0000 	C:\WINDOWS\System32\windows.storage.dll
0x00007fff82560000 - 0x00007fff82583000 	C:\WINDOWS\System32\profapi.dll
0x00007fff824d0000 - 0x00007fff8251a000 	C:\WINDOWS\System32\powrprof.dll
0x00007fff824c0000 - 0x00007fff824d0000 	C:\WINDOWS\System32\UMPDC.dll
0x00007fff83bc0000 - 0x00007fff83c12000 	C:\WINDOWS\System32\shlwapi.dll
0x00007fff82520000 - 0x00007fff82531000 	C:\WINDOWS\System32\kernel.appcore.dll
0x00007fff82610000 - 0x00007fff82627000 	C:\WINDOWS\System32\cryptsp.dll
0x00007fff7c070000 - 0x00007fff7c08a000 	E:\Android\jre\jre\bin\net.dll
0x00007fff81cb0000 - 0x00007fff81d17000 	C:\WINDOWS\system32\mswsock.dll
0x00007fff7bfc0000 - 0x00007fff7bfd3000 	E:\Android\jre\jre\bin\nio.dll
0x00007fff674a0000 - 0x00007fff674c6000 	C:\Users\Jeevan.DESKTOP-JPTEO2O.000\.gradle\native\31\windows-amd64\native-platform.dll
0x00007fff7e8d0000 - 0x00007fff7e8dd000 	E:\Android\jre\jre\bin\management.dll
0x00007fff81820000 - 0x00007fff81853000 	C:\WINDOWS\system32\rsaenh.dll
0x00007fff82e50000 - 0x00007fff82e76000 	C:\WINDOWS\System32\bcrypt.dll
0x00007fff823e0000 - 0x00007fff82405000 	C:\WINDOWS\SYSTEM32\USERENV.dll
0x00007fff81e80000 - 0x00007fff81e8c000 	C:\WINDOWS\SYSTEM32\CRYPTBASE.dll
0x00007fff819c0000 - 0x00007fff819fa000 	C:\WINDOWS\SYSTEM32\IPHLPAPI.DLL
0x00007fff83dd0000 - 0x00007fff83dd8000 	C:\WINDOWS\System32\NSI.dll
0x00007fff7ac90000 - 0x00007fff7aca6000 	C:\WINDOWS\SYSTEM32\dhcpcsvc6.DLL
0x00007fff7a6a0000 - 0x00007fff7a6bc000 	C:\WINDOWS\SYSTEM32\dhcpcsvc.DLL
0x00007fff81a00000 - 0x00007fff81acb000 	C:\WINDOWS\SYSTEM32\DNSAPI.dll

VM Arguments:
jvm_args: -Xmx2048m -Dfile.encoding=windows-1252 -Duser.country=US -Duser.language=en -Duser.variant 
java_command: org.gradle.launcher.daemon.bootstrap.GradleDaemon 6.1.1
java_class_path (initial): C:\Users\Jeevan.DESKTOP-JPTEO2O.000\.gradle\wrapper\dists\gradle-6.1.1-all\cfmwm155h49vnt3hynmlrsdst\gradle-6.1.1\lib\gradle-launcher-6.1.1.jar
Launcher Type: SUN_STANDARD

Environment Variables:
PATH=E:\download\Scripts\;E:\download\;C:\Users\Jeevan.DESKTOP-JPTEO2O.000\AppData\Local\Programs\Python\Python38\Scripts\;C:\Users\Jeevan.DESKTOP-JPTEO2O.000\AppData\Local\Programs\Python\Python38\;C:\Python38\Scripts\;C:\Python38\;C:\Users\Jeevan.DESKTOP-JPTEO2O.000\Desktop\java\jdk-11.0.5\bin;C:\WINDOWS\system32;C:\WINDOWS;C:\WINDOWS\System32\Wbem;C:\WINDOWS\System32\WindowsPowerShell\v1.0\;C:\WINDOWS\System32\OpenSSH\;C:\Program Files (x86)\GtkSharp\2.12\bin;D:\Git\cmd;C:\ProgramData\chocolatey\bin;C:\Program Files\nodejs\;E:\Users\Jeevan\mongodb\bin;C:\Program Files\dotnet\;C:\Program Files\NVIDIA Corporation\NVIDIA NvDLISR;C:\Program Files (x86)\NVIDIA Corporation\PhysX\Common;C:\Program Files\Microsoft SQL Server\130\Tools\Binn\;C:\Program Files\Microsoft SQL Server\Client SDK\ODBC\170\Tools\Binn\;E:\Program Files\Matlab\runtime\win64;E:\Program Files\Matlab\bin;E:\Program Files\Matlab\polyspace\bin;E:\Ruby26-x64\bin;E:\Program Files\Ruby26-x64\bin;C:\Users\Jeevan.DESKTOP-JPTEO2O.000\AppData\Local\Microsoft\WindowsApps;C:\PHP;C:\Users\Jeevan.DESKTOP-JPTEO2O.000\AppData\Local\Microsoft\WindowsApps;C:\Users\Jeevan.DESKTOP-JPTEO2O.000\Desktop\mysql\mysql-connector-java-8.0.19;C:\Users\Jeevan.DESKTOP-JPTEO2O.000\AppData\Local\Programs\Microsoft VS Code\bin;C:\Users\Jeevan.DESKTOP-JPTEO2O.000\AppData\Roaming\npm;C:\Program Files\heroku\bin;C:\Users\Jeevan.DESKTOP-JPTEO2O.000\.deno\bin;C:\Users\Jeevan.DESKTOP-JPTEO2O.000\Desktop\SQLite;C:\Users\Jeevan.DESKTOP-JPTEO2O.000\AppData\Roaming\Microsoft\Windows\Start Menu\Programs\Anaconda3 (64-bit);C:\Program Files\apache-maven-3.6.3\bin;C:\Users\Jeevan.DESKTOP-JPTEO2O.000\.npm-global;C:\Users\Jeevan.DESKTOP-JPTEO2O.000\.npm-global\netlify;C:\Windows\Microsoft.NET\Framework\v4.0.30319;C:\Users\Jeevan.DESKTOP-JPTEO2O.000\AppData\Local\Android\Sdk\platform-tools\adb;C:\Users\Jeevan.DESKTOP-JPTEO2O.000\.dotnet\tools;C:\Users\Jeevan.DESKTOP-JPTEO2O.000\AppData\Roaming\Python\Python37\Scripts;C:\Program Files (x86)\GitHub CLI\
USERNAME=Jeevan
OS=Windows_NT
PROCESSOR_IDENTIFIER=Intel64 Family 6 Model 142 Stepping 10, GenuineIntel



---------------  S Y S T E M  ---------------

OS: Windows 10.0 , 64 bit Build 18362 (10.0.18362.1082)

CPU:total 8 (initial active 8) (4 cores per cpu, 2 threads per core) family 6 model 142 stepping 10, cmov, cx8, fxsr, mmx, sse, sse2, sse3, ssse3, sse4.1, sse4.2, popcnt, avx, avx2, aes, clmul, erms, 3dnowpref, lzcnt, ht, tsc, tscinvbit, bmi1, bmi2, adx

Memory: 4k page, physical 8270220k(451420k free), swap 18825612k(32k free)

vm_info: OpenJDK 64-Bit Server VM (25.242-b01) for windows-amd64 JRE (1.8.0_242-release-1644-b01), built by "builder" with MS VC++ 10.0 (VS2010)

time: Sat Oct 17 20:04:41 2020
timezone: Nepal Standard Time
elapsed time: 11260 seconds (0d 3h 7m 40s)

