#
# There is insufficient memory for the Java Runtime Environment to continue.
# Native memory allocation (malloc) failed to allocate 32744 bytes for ChunkPool::allocate
# Possible reasons:
#   The system is out of physical RAM or swap space
#   The process is running with CompressedOops enabled, and the Java Heap may be blocking the growth of the native heap
# Possible solutions:
#   Reduce memory load on the system
#   Increase physical memory or swap space
#   Check if swap backing store is full
#   Decrease Java heap size (-Xmx/-Xms)
#   Decrease number of Java threads
#   Decrease Java thread stack sizes (-Xss)
#   Set larger code cache with -XX:ReservedCodeCacheSize=
#   JVM is running with Unscaled Compressed Oops mode in which the Java heap is
#     placed in the first 4GB address space. The Java Heap base address is the
#     maximum limit for the native heap growth. Please use -XX:HeapBaseMinAddress
#     to set the Java Heap base and to place the Java Heap above 4GB virtual address.
# This output file may be truncated or incomplete.
#
#  Out of Memory Error (allocation.cpp:272), pid=11568, tid=0x00000000000020a0
#
# JRE version: OpenJDK Runtime Environment (8.0_242-b01) (build 1.8.0_242-release-1644-b01)
# Java VM: OpenJDK 64-Bit Server VM (25.242-b01 mixed mode windows-amd64 compressed oops)
# Failed to write core dump. Minidumps are not enabled by default on client versions of Windows
#

---------------  T H R E A D  ---------------

Current thread (0x0000000019ff1800):  JavaThread "C2 CompilerThread0" daemon [_thread_in_native, id=8352, stack(0x000000001a8c0000,0x000000001a9c0000)]

Stack: [0x000000001a8c0000,0x000000001a9c0000]
[error occurred during error reporting (printing stack bounds), id 0xc0000005]

Native frames: (J=compiled Java code, j=interpreted, Vv=VM code, C=native code)


Current CompileTask:
C2:10896880 22526 %     4       com.android.tools.r8.ir.regalloc.a::a @ 974 (3993 bytes)


---------------  P R O C E S S  ---------------

Java Threads: ( => current thread )
  0x000000002278d800 JavaThread "WorkerExecutor Queue Thread 9" [_thread_blocked, id=10436, stack(0x000000002dab0000,0x000000002dbb0000)]
  0x000000002278d000 JavaThread "WorkerExecutor Queue Thread 8" [_thread_blocked, id=14748, stack(0x000000002d9b0000,0x000000002dab0000)]
  0x0000000022784000 JavaThread "WorkerExecutor Queue Thread 7" [_thread_blocked, id=10120, stack(0x000000002d4b0000,0x000000002d5b0000)]
  0x000000002278a800 JavaThread "WorkerExecutor Queue Thread 6" [_thread_blocked, id=12300, stack(0x000000002d3b0000,0x000000002d4b0000)]
  0x0000000022786000 JavaThread "WorkerExecutor Queue Thread 5" [_thread_blocked, id=16068, stack(0x000000002d2b0000,0x000000002d3b0000)]
  0x0000000022787000 JavaThread "WorkerExecutor Queue Thread 4" [_thread_in_Java, id=17836, stack(0x00000000288d0000,0x00000000289d0000)]
  0x0000000022783000 JavaThread "ForkJoinPool-8-worker-0" daemon [_thread_in_Java, id=7176, stack(0x000000002d1b0000,0x000000002d2b0000)]
  0x0000000022785800 JavaThread "ForkJoinPool-8-worker-7" daemon [_thread_in_Java, id=4760, stack(0x000000002c0b0000,0x000000002c1b0000)]
  0x0000000022784800 JavaThread "ForkJoinPool-8-worker-6" daemon [_thread_blocked, id=8504, stack(0x000000002bfb0000,0x000000002c0b0000)]
  0x0000000022788800 JavaThread "ForkJoinPool-8-worker-5" daemon [_thread_blocked, id=8496, stack(0x000000002beb0000,0x000000002bfb0000)]
  0x0000000022787800 JavaThread "ForkJoinPool-8-worker-3" daemon [_thread_blocked, id=13636, stack(0x000000002bcb0000,0x000000002bdb0000)]
  0x000000002278a000 JavaThread "ForkJoinPool-8-worker-2" daemon [_thread_blocked, id=11160, stack(0x000000002bbb0000,0x000000002bcb0000)]
  0x000000001a006800 JavaThread "WorkerExecutor Queue Thread 3" [_thread_blocked, id=14004, stack(0x000000002a190000,0x000000002a290000)]
  0x000000001cfa2000 JavaThread "stdout" [_thread_in_native, id=16876, stack(0x0000000029c90000,0x0000000029d90000)]
  0x000000001cf9e000 JavaThread "stderr" [_thread_in_native, id=6912, stack(0x0000000029b90000,0x0000000029c90000)]
  0x000000001cf96800 JavaThread "pool-15-thread-1" [_thread_blocked, id=4076, stack(0x00000000293d0000,0x00000000294d0000)]
  0x000000001cf98000 JavaThread "WorkerExecutor Queue Thread 2" [_thread_blocked, id=5716, stack(0x0000000028cd0000,0x0000000028dd0000)]
  0x000000001cf9d800 JavaThread "Cache worker for execution history cache (E:\AndroidApps\WhatsApp\.gradle\6.1.1\executionHistory)" [_thread_blocked, id=6664, stack(0x00000000283d0000,0x00000000284d0000)]
  0x000000001f859000 JavaThread "Execution worker for ':' Thread 7" [_thread_blocked, id=1780, stack(0x00000000282d0000,0x00000000283d0000)]
  0x000000001f858000 JavaThread "Execution worker for ':' Thread 6" [_thread_blocked, id=13832, stack(0x00000000281d0000,0x00000000282d0000)]
  0x000000001f851000 JavaThread "Execution worker for ':' Thread 5" [_thread_blocked, id=13564, stack(0x00000000280d0000,0x00000000281d0000)]
  0x000000001f856800 JavaThread "Execution worker for ':' Thread 4" [_thread_blocked, id=6680, stack(0x0000000027fd0000,0x00000000280d0000)]
  0x000000001f855000 JavaThread "Execution worker for ':' Thread 3" [_thread_blocked, id=3148, stack(0x0000000027ed0000,0x0000000027fd0000)]
  0x000000001f850800 JavaThread "Execution worker for ':' Thread 2" [_thread_blocked, id=11380, stack(0x0000000027dd0000,0x0000000027ed0000)]
  0x000000001f857800 JavaThread "Execution worker for ':'" [_thread_blocked, id=16432, stack(0x0000000027ad0000,0x0000000027bd0000)]
  0x000000001f84f800 JavaThread "Cache worker for file content cache (E:\AndroidApps\WhatsApp\.gradle\6.1.1\fileContent)" [_thread_blocked, id=6364, stack(0x00000000273d0000,0x00000000274d0000)]
  0x000000001f84a800 JavaThread "Cache worker for Build Output Cleanup Cache (E:\AndroidApps\WhatsApp\.gradle\buildOutputCleanup)" [_thread_blocked, id=11180, stack(0x00000000256e0000,0x00000000257e0000)]
  0x000000001f84c800 JavaThread "Build operations Thread 8" [_thread_blocked, id=11736, stack(0x0000000024fe0000,0x00000000250e0000)]
  0x00000000223b3000 JavaThread "Build operations Thread 7" [_thread_blocked, id=7524, stack(0x0000000024ee0000,0x0000000024fe0000)]
  0x00000000223ac000 JavaThread "Build operations Thread 6" [_thread_blocked, id=15708, stack(0x0000000024de0000,0x0000000024ee0000)]
  0x00000000223ad800 JavaThread "Build operations Thread 5" [_thread_blocked, id=10912, stack(0x0000000024a60000,0x0000000024b60000)]
  0x00000000223b0800 JavaThread "Build operations Thread 4" [_thread_blocked, id=15924, stack(0x0000000023710000,0x0000000023810000)]
  0x00000000223ae800 JavaThread "Build operations Thread 3" [_thread_blocked, id=14876, stack(0x0000000023610000,0x0000000023710000)]
  0x00000000223af000 JavaThread "Build operations Thread 2" [_thread_blocked, id=14872, stack(0x0000000023510000,0x0000000023610000)]
  0x00000000223ad000 JavaThread "Build operations" [_thread_blocked, id=12088, stack(0x0000000023410000,0x0000000023510000)]
  0x00000000223b1800 JavaThread "Cache worker for cache directory md-rule (C:\Users\Jeevan.DESKTOP-JPTEO2O.000\.gradle\caches\6.1.1\md-rule)" [_thread_blocked, id=11460, stack(0x0000000021740000,0x0000000021840000)]
  0x00000000223b0000 JavaThread "Cache worker for cache directory md-supplier (C:\Users\Jeevan.DESKTOP-JPTEO2O.000\.gradle\caches\6.1.1\md-supplier)" [_thread_blocked, id=18084, stack(0x0000000021640000,0x0000000021740000)]
  0x00000000223b2000 JavaThread "Cache worker for file hash cache (E:\AndroidApps\WhatsApp\.gradle\6.1.1\fileHashes)" [_thread_blocked, id=1448, stack(0x0000000021540000,0x0000000021640000)]
  0x00000000223a4800 JavaThread "Cache worker for checksums cache (E:\AndroidApps\WhatsApp\.gradle\checksums)" [_thread_blocked, id=18240, stack(0x0000000021440000,0x0000000021540000)]
  0x00000000223ab800 JavaThread "Thread-260" [_thread_blocked, id=3636, stack(0x000000001ff00000,0x0000000020000000)]
  0x00000000223aa800 JavaThread "Stdin handler" [_thread_blocked, id=10416, stack(0x000000001e630000,0x000000001e730000)]
  0x00000000223a7800 JavaThread "Asynchronous log dispatcher for DefaultDaemonConnection: socket connection from /127.0.0.1:50553 to /127.0.0.1:55549" [_thread_blocked, id=2452, stack(0x000000001e530000,0x000000001e630000)]
  0x00000000223a7000 JavaThread "Daemon worker Thread 8" [_thread_blocked, id=12156, stack(0x000000001e430000,0x000000001e530000)]
  0x00000000223a6000 JavaThread "Cancel handler" [_thread_blocked, id=10412, stack(0x000000001e130000,0x000000001e230000)]
  0x00000000223a5800 JavaThread "Handler for socket connection from /127.0.0.1:50553 to /127.0.0.1:55549" [_thread_in_native, id=9432, stack(0x000000001e030000,0x000000001e130000)]
  0x00000000223aa000 JavaThread "Daemon Thread 8" [_thread_blocked, id=11896, stack(0x00000000015c0000,0x00000000016c0000)]
  0x000000001f856000 JavaThread "Cache worker for Java compile cache (C:\Users\Jeevan.DESKTOP-JPTEO2O.000\.gradle\caches\6.1.1\javaCompile)" [_thread_blocked, id=14372, stack(0x0000000028bd0000,0x0000000028cd0000)]
  0x000000001cf9f000 JavaThread "Cache worker for file content cache (C:\Users\Jeevan.DESKTOP-JPTEO2O.000\.gradle\caches\6.1.1\fileContent)" [_thread_blocked, id=12076, stack(0x00000000272d0000,0x00000000273d0000)]
  0x000000001cf9f800 JavaThread "Memory manager" [_thread_blocked, id=872, stack(0x00000000259e0000,0x0000000025ae0000)]
  0x000000001a00b000 JavaThread "Cache worker for execution history cache (C:\Users\Jeevan.DESKTOP-JPTEO2O.000\.gradle\caches\6.1.1\executionHistory)" [_thread_blocked, id=2816, stack(0x0000000021ab0000,0x0000000021bb0000)]
  0x000000001a00b800 JavaThread "Cache worker for file hash cache (C:\Users\Jeevan.DESKTOP-JPTEO2O.000\.gradle\caches\6.1.1\fileHashes)" [_thread_blocked, id=4816, stack(0x000000001ee30000,0x000000001ef30000)]
  0x000000001a009800 JavaThread "File lock request listener" [_thread_in_native, id=11608, stack(0x000000001ed30000,0x000000001ee30000)]
  0x000000001d1d9800 JavaThread "Cache worker for journal cache (C:\Users\Jeevan.DESKTOP-JPTEO2O.000\.gradle\caches\journal-1)" [_thread_blocked, id=16852, stack(0x000000001ec30000,0x000000001ed30000)]
  0x000000001ce35000 JavaThread "Daemon periodic checks" [_thread_blocked, id=17144, stack(0x000000001df30000,0x000000001e030000)]
  0x000000001ce1d800 JavaThread "Incoming local TCP Connector on port 50553" [_thread_in_native, id=2440, stack(0x000000001dcf0000,0x000000001ddf0000)]
  0x000000001ccc3800 JavaThread "Daemon health stats" [_thread_blocked, id=7900, stack(0x000000001c6d0000,0x000000001c7d0000)]
  0x000000001a096000 JavaThread "Service Thread" daemon [_thread_blocked, id=1196, stack(0x000000001acc0000,0x000000001adc0000)]
  0x000000001a00a000 JavaThread "C1 CompilerThread3" daemon [_thread_blocked, id=14112, stack(0x000000001abc0000,0x000000001acc0000)]
  0x000000001a003000 JavaThread "C2 CompilerThread2" daemon [_thread_in_native, id=14628, stack(0x000000001aac0000,0x000000001abc0000)]
  0x0000000019ff5000 JavaThread "C2 CompilerThread1" daemon [_thread_in_native, id=17020, stack(0x000000001a9c0000,0x000000001aac0000)]
=>0x0000000019ff1800 JavaThread "C2 CompilerThread0" daemon [_thread_in_native, id=8352, stack(0x000000001a8c0000,0x000000001a9c0000)]
  0x0000000019ff0000 JavaThread "Attach Listener" daemon [_thread_blocked, id=2400, stack(0x000000001a7c0000,0x000000001a8c0000)]
  0x0000000019fef000 JavaThread "Signal Dispatcher" daemon [_thread_blocked, id=10904, stack(0x000000001a6c0000,0x000000001a7c0000)]
  0x0000000003189000 JavaThread "Finalizer" daemon [_thread_blocked, id=11268, stack(0x000000001a4c0000,0x000000001a5c0000)]
  0x0000000019fe0800 JavaThread "Reference Handler" daemon [_thread_blocked, id=17152, stack(0x000000001a3c0000,0x000000001a4c0000)]
  0x0000000003092800 JavaThread "main" [_thread_blocked, id=8400, stack(0x0000000002f90000,0x0000000003090000)]

Other Threads:
  0x00000000181f9000 VMThread [stack: 0x0000000019ec0000,0x0000000019fc0000] [id=17424]
  0x000000001a060000 WatcherThread [stack: 0x000000001adc0000,0x000000001aec0000] [id=16492]

VM state:not at safepoint (normal execution)

VM Mutex/Monitor currently owned by a thread: None

heap address: 0x0000000080000000, size: 2048 MB, Compressed Oops mode: 32-bit
Narrow klass base: 0x0000000000000000, Narrow klass shift: 3
Compressed class space size: 1073741824 Address: 0x0000000100000000

Heap:
 PSYoungGen      total 471040K, used 47626K [0x00000000d5580000, 0x00000000f6180000, 0x0000000100000000)
  eden space 431104K, 11% used [0x00000000d5580000,0x00000000d8402a20,0x00000000efa80000)
  from space 39936K, 0% used [0x00000000efa80000,0x00000000efa80000,0x00000000f2180000)
  to   space 40960K, 0% used [0x00000000f3980000,0x00000000f3980000,0x00000000f6180000)
 ParOldGen       total 262144K, used 233181K [0x0000000080000000, 0x0000000090000000, 0x00000000d5580000)
  object space 262144K, 88% used [0x0000000080000000,0x000000008e3b76e0,0x0000000090000000)
 Metaspace       used 96810K, capacity 102086K, committed 102704K, reserved 1138688K
  class space    used 12486K, capacity 13459K, committed 13616K, reserved 1048576K

Card table byte_map: [0x0000000012550000,0x0000000012960000] byte_map_base: 0x0000000012150000

Marking Bits: (ParMarkBitMap*) 0x000000005b65f030
 Begin Bits: [0x0000000013410000, 0x0000000015410000)
 End Bits:   [0x0000000015410000, 0x0000000017410000)

Polling page: 0x0000000001730000

CodeCache: size=245760Kb used=65568Kb max_used=65583Kb free=180191Kb
 bounds [0x0000000003190000, 0x00000000071f0000, 0x0000000012190000]
 total_blobs=18652 nmethods=17735 adapters=826
 compilation: enabled

Compilation events (10 events):
Event: 10896.807 Thread 0x000000001a00a000 nmethod 22557 0x00000000071d8090 code [0x00000000071d8380, 0x00000000071d9a28]
Event: 10896.807 Thread 0x000000001a00a000 22560       3       com.android.tools.r8.ir.regalloc.b::c (36 bytes)
Event: 10896.808 Thread 0x000000001a00a000 nmethod 22560 0x00000000071dadd0 code [0x00000000071daf20, 0x00000000071db0b0]
Event: 10896.808 Thread 0x000000001a00a000 22559       3       com.android.tools.r8.u.b.m1::Y (38 bytes)
Event: 10896.809 Thread 0x000000001a00a000 nmethod 22559 0x00000000071db150 code [0x00000000071db320, 0x00000000071dbc88]
Event: 10896.809 Thread 0x000000001a00a000 22558       3       com.android.tools.r8.ir.conversion.t::a (31 bytes)
Event: 10896.810 Thread 0x000000001a00a000 nmethod 22558 0x00000000071dc010 code [0x00000000071dc220, 0x00000000071dcd48]
Event: 10896.810 Thread 0x000000001a00a000 22561       3       com.android.tools.r8.graph.h0$c::m (8 bytes)
Event: 10896.810 Thread 0x000000001a00a000 nmethod 22561 0x00000000071dd590 code [0x00000000071dd700, 0x00000000071dd8a8]
Event: 10896.813 Thread 0x000000001a00a000 22562       3       com.android.tools.r8.ir.conversion.x::a (9 bytes)

GC Heap History (10 events):
Event: 10354.414 GC heap before
{Heap before GC invocations=26 (full 4):
 PSYoungGen      total 447488K, used 423169K [0x00000000d5580000, 0x00000000f4e00000, 0x0000000100000000)
  eden space 406016K, 100% used [0x00000000d5580000,0x00000000ee200000,0x00000000ee200000)
  from space 41472K, 41% used [0x00000000ee200000,0x00000000ef2c0598,0x00000000f0a80000)
  to   space 39424K, 0% used [0x00000000f2780000,0x00000000f2780000,0x00000000f4e00000)
 ParOldGen       total 205312K, used 82420K [0x0000000080000000, 0x000000008c880000, 0x00000000d5580000)
  object space 205312K, 40% used [0x0000000080000000,0x000000008507d028,0x000000008c880000)
 Metaspace       used 94222K, capacity 98988K, committed 100272K, reserved 1136640K
  class space    used 12291K, capacity 13196K, committed 13488K, reserved 1048576K
Event: 10354.785 GC heap after
Heap after GC invocations=26 (full 4):
 PSYoungGen      total 464896K, used 25840K [0x00000000d5580000, 0x00000000f4880000, 0x0000000100000000)
  eden space 431104K, 0% used [0x00000000d5580000,0x00000000d5580000,0x00000000efa80000)
  from space 33792K, 76% used [0x00000000f2780000,0x00000000f40bc348,0x00000000f4880000)
  to   space 39936K, 0% used [0x00000000efa80000,0x00000000efa80000,0x00000000f2180000)
 ParOldGen       total 205312K, used 82428K [0x0000000080000000, 0x000000008c880000, 0x00000000d5580000)
  object space 205312K, 40% used [0x0000000080000000,0x000000008507f028,0x000000008c880000)
 Metaspace       used 94222K, capacity 98988K, committed 100272K, reserved 1136640K
  class space    used 12291K, capacity 13196K, committed 13488K, reserved 1048576K
}
Event: 10858.892 GC heap before
{Heap before GC invocations=27 (full 4):
 PSYoungGen      total 464896K, used 456944K [0x00000000d5580000, 0x00000000f4880000, 0x0000000100000000)
  eden space 431104K, 100% used [0x00000000d5580000,0x00000000efa80000,0x00000000efa80000)
  from space 33792K, 76% used [0x00000000f2780000,0x00000000f40bc348,0x00000000f4880000)
  to   space 39936K, 0% used [0x00000000efa80000,0x00000000efa80000,0x00000000f2180000)
 ParOldGen       total 205312K, used 82428K [0x0000000080000000, 0x000000008c880000, 0x00000000d5580000)
  object space 205312K, 40% used [0x0000000080000000,0x000000008507f028,0x000000008c880000)
 Metaspace       used 95172K, capacity 100282K, committed 100912K, reserved 1136640K
  class space    used 12370K, capacity 13361K, committed 13616K, reserved 1048576K
Event: 10860.064 GC heap after
Heap after GC invocations=27 (full 4):
 PSYoungGen      total 471040K, used 26918K [0x00000000d5580000, 0x00000000f6180000, 0x0000000100000000)
  eden space 431104K, 0% used [0x00000000d5580000,0x00000000d5580000,0x00000000efa80000)
  from space 39936K, 67% used [0x00000000efa80000,0x00000000f14c99f8,0x00000000f2180000)
  to   space 40960K, 0% used [0x00000000f3980000,0x00000000f3980000,0x00000000f6180000)
 ParOldGen       total 205312K, used 82436K [0x0000000080000000, 0x000000008c880000, 0x00000000d5580000)
  object space 205312K, 40% used [0x0000000080000000,0x0000000085081028,0x000000008c880000)
 Metaspace       used 95172K, capacity 100282K, committed 100912K, reserved 1136640K
  class space    used 12370K, capacity 13361K, committed 13616K, reserved 1048576K
}
Event: 10885.648 GC heap before
{Heap before GC invocations=28 (full 4):
 PSYoungGen      total 471040K, used 458022K [0x00000000d5580000, 0x00000000f6180000, 0x0000000100000000)
  eden space 431104K, 100% used [0x00000000d5580000,0x00000000efa80000,0x00000000efa80000)
  from space 39936K, 67% used [0x00000000efa80000,0x00000000f14c99f8,0x00000000f2180000)
  to   space 40960K, 0% used [0x00000000f3980000,0x00000000f3980000,0x00000000f6180000)
 ParOldGen       total 205312K, used 82436K [0x0000000080000000, 0x000000008c880000, 0x00000000d5580000)
  object space 205312K, 40% used [0x0000000080000000,0x0000000085081028,0x000000008c880000)
 Metaspace       used 96674K, capacity 102108K, committed 102448K, reserved 1138688K
  class space    used 12519K, capacity 13536K, committed 13616K, reserved 1048576K
Event: 10885.987 GC heap after
Heap after GC invocations=28 (full 4):
 PSYoungGen      total 472064K, used 40955K [0x00000000d5580000, 0x00000000f6180000, 0x0000000100000000)
  eden space 431104K, 0% used [0x00000000d5580000,0x00000000d5580000,0x00000000efa80000)
  from space 40960K, 99% used [0x00000000f3980000,0x00000000f617ee98,0x00000000f6180000)
  to   space 39936K, 0% used [0x00000000efa80000,0x00000000efa80000,0x00000000f2180000)
 ParOldGen       total 205312K, used 159219K [0x0000000080000000, 0x000000008c880000, 0x00000000d5580000)
  object space 205312K, 77% used [0x0000000080000000,0x0000000089b7ccd8,0x000000008c880000)
 Metaspace       used 96674K, capacity 102108K, committed 102448K, reserved 1138688K
  class space    used 12519K, capacity 13536K, committed 13616K, reserved 1048576K
}
Event: 10890.459 GC heap before
{Heap before GC invocations=29 (full 4):
 PSYoungGen      total 472064K, used 471095K [0x00000000d5580000, 0x00000000f6180000, 0x0000000100000000)
  eden space 431104K, 99% used [0x00000000d5580000,0x00000000ef98eea0,0x00000000efa80000)
  from space 40960K, 99% used [0x00000000f3980000,0x00000000f617ee98,0x00000000f6180000)
  to   space 39936K, 0% used [0x00000000efa80000,0x00000000efa80000,0x00000000f2180000)
 ParOldGen       total 205312K, used 159219K [0x0000000080000000, 0x000000008c880000, 0x00000000d5580000)
  object space 205312K, 77% used [0x0000000080000000,0x0000000089b7ccd8,0x000000008c880000)
 Metaspace       used 97029K, capacity 102504K, committed 102704K, reserved 1138688K
  class space    used 12532K, capacity 13546K, committed 13616K, reserved 1048576K
Event: 10891.078 GC heap after
Heap after GC invocations=29 (full 4):
 PSYoungGen      total 471040K, used 39923K [0x00000000d5580000, 0x00000000f6180000, 0x0000000100000000)
  eden space 431104K, 0% used [0x00000000d5580000,0x00000000d5580000,0x00000000efa80000)
  from space 39936K, 99% used [0x00000000efa80000,0x00000000f217cdc8,0x00000000f2180000)
  to   space 40960K, 0% used [0x00000000f3980000,0x00000000f3980000,0x00000000f6180000)
 ParOldGen       total 262144K, used 262124K [0x0000000080000000, 0x0000000090000000, 0x00000000d5580000)
  object space 262144K, 99% used [0x0000000080000000,0x000000008fffb178,0x0000000090000000)
 Metaspace       used 97029K, capacity 102504K, committed 102704K, reserved 1138688K
  class space    used 12532K, capacity 13546K, committed 13616K, reserved 1048576K
}
Event: 10891.079 GC heap before
{Heap before GC invocations=30 (full 5):
 PSYoungGen      total 471040K, used 39923K [0x00000000d5580000, 0x00000000f6180000, 0x0000000100000000)
  eden space 431104K, 0% used [0x00000000d5580000,0x00000000d5580000,0x00000000efa80000)
  from space 39936K, 99% used [0x00000000efa80000,0x00000000f217cdc8,0x00000000f2180000)
  to   space 40960K, 0% used [0x00000000f3980000,0x00000000f3980000,0x00000000f6180000)
 ParOldGen       total 262144K, used 262124K [0x0000000080000000, 0x0000000090000000, 0x00000000d5580000)
  object space 262144K, 99% used [0x0000000080000000,0x000000008fffb178,0x0000000090000000)
 Metaspace       used 97029K, capacity 102504K, committed 102704K, reserved 1138688K
  class space    used 12532K, capacity 13546K, committed 13616K, reserved 1048576K
Event: 10895.890 GC heap after
Heap after GC invocations=30 (full 5):
 PSYoungGen      total 471040K, used 0K [0x00000000d5580000, 0x00000000f6180000, 0x0000000100000000)
  eden space 431104K, 0% used [0x00000000d5580000,0x00000000d5580000,0x00000000efa80000)
  from space 39936K, 0% used [0x00000000efa80000,0x00000000efa80000,0x00000000f2180000)
  to   space 40960K, 0% used [0x00000000f3980000,0x00000000f3980000,0x00000000f6180000)
 ParOldGen       total 262144K, used 233181K [0x0000000080000000, 0x0000000090000000, 0x00000000d5580000)
  object space 262144K, 88% used [0x0000000080000000,0x000000008e3b76e0,0x0000000090000000)
 Metaspace       used 96786K, capacity 102086K, committed 102704K, reserved 1138688K
  class space    used 12486K, capacity 13459K, committed 13616K, reserved 1048576K
}

Deoptimization events (10 events):
Event: 10896.222 Thread 0x000000001cf98000 Uncommon trap: reason=unstable_if action=reinterpret pc=0x0000000005239f5c method=com.android.tools.r8.graph.e0.c(Lcom/android/tools/r8/graph/e0;)I @ 80
Event: 10896.334 Thread 0x000000001cf98000 Uncommon trap: reason=unstable_if action=reinterpret pc=0x00000000060eb5a8 method=java.util.concurrent.ConcurrentHashMap$Traverser.advance()Ljava/util/concurrent/ConcurrentHashMap$Node; @ 84
Event: 10896.371 Thread 0x000000001cf98000 Uncommon trap: reason=unstable_if action=reinterpret pc=0x0000000007132a54 method=java.util.TimSort.mergeHi(IIII)V @ 529
Event: 10896.565 Thread 0x000000001cf98000 Uncommon trap: reason=unstable_if action=reinterpret pc=0x000000000613a234 method=com.android.tools.r8.dex.D.a(Lcom/android/tools/r8/graph/T;)Lcom/android/tools/r8/graph/E; @ 34
Event: 10896.565 Thread 0x000000001cf98000 Uncommon trap: reason=unstable_if action=reinterpret pc=0x0000000005e4f4d8 method=com.android.tools.r8.dex.D.a(Lcom/android/tools/r8/graph/T;)Lcom/android/tools/r8/graph/E; @ 34
Event: 10896.566 Thread 0x000000001cf98000 Uncommon trap: reason=unstable_if action=reinterpret pc=0x00000000063ac578 method=com.android.tools.r8.graph.b0.g0()Z @ 11
Event: 10896.566 Thread 0x000000001cf98000 Uncommon trap: reason=unstable_if action=reinterpret pc=0x0000000004ff78a8 method=com.android.tools.r8.graph.b0.g0()Z @ 11
Event: 10896.813 Thread 0x0000000022785800 Uncommon trap: reason=unstable_if action=reinterpret pc=0x0000000005e779bc method=com.android.tools.r8.graph.H0$a.a(Lcom/android/tools/r8/graph/b0;)I @ 44
Event: 10896.813 Thread 0x0000000022785800 Uncommon trap: reason=unstable_if action=reinterpret pc=0x0000000005e6ca04 method=com.android.tools.r8.graph.H0$a.a(Lcom/android/tools/r8/graph/b0;)I @ 93
Event: 10896.813 Thread 0x0000000022785800 Uncommon trap: reason=unstable_if action=reinterpret pc=0x0000000003556a08 method=com.android.tools.r8.graph.H0.a(Lcom/android/tools/r8/graph/H0$a;Lcom/android/tools/r8/graph/b0;Lcom/android/tools/r8/graph/b0;)I @ 14

Classes redefined (0 events):
No events

Internal exceptions (10 events):
Event: 10890.203 Thread 0x0000000022786000 Exception <a 'sun/nio/fs/WindowsException'> (0x00000000ef5f5c48) thrown at [C:\src\AOSP-openjdk-git\hotspot\src\share\vm\prims\jni.cpp, line 710]
Event: 10890.270 Thread 0x0000000022786000 Exception <a 'sun/nio/fs/WindowsException'> (0x00000000ef5fec68) thrown at [C:\src\AOSP-openjdk-git\hotspot\src\share\vm\prims\jni.cpp, line 710]
Event: 10890.279 Thread 0x0000000022786000 Exception <a 'sun/nio/fs/WindowsException'> (0x00000000ef613f90) thrown at [C:\src\AOSP-openjdk-git\hotspot\src\share\vm\prims\jni.cpp, line 710]
Event: 10890.280 Thread 0x0000000022786000 Exception <a 'sun/nio/fs/WindowsException'> (0x00000000ef61dfd8) thrown at [C:\src\AOSP-openjdk-git\hotspot\src\share\vm\prims\jni.cpp, line 710]
Event: 10890.304 Thread 0x0000000022786000 Exception <a 'sun/nio/fs/WindowsException'> (0x00000000ef625f30) thrown at [C:\src\AOSP-openjdk-git\hotspot\src\share\vm\prims\jni.cpp, line 710]
Event: 10890.306 Thread 0x0000000022786000 Exception <a 'sun/nio/fs/WindowsException'> (0x00000000ef62d738) thrown at [C:\src\AOSP-openjdk-git\hotspot\src\share\vm\prims\jni.cpp, line 710]
Event: 10890.360 Thread 0x0000000022786000 Exception <a 'sun/nio/fs/WindowsException'> (0x00000000ef94eff0) thrown at [C:\src\AOSP-openjdk-git\hotspot\src\share\vm\prims\jni.cpp, line 710]
Event: 10896.564 Thread 0x000000001cf98000 Implicit null exception at 0x0000000006138078 to 0x000000000613a225
Event: 10896.565 Thread 0x000000001cf98000 Implicit null exception at 0x0000000005e4f490 to 0x0000000005e4f4c9
Event: 10896.566 Thread 0x0000000022787000 Exception <a 'sun/nio/fs/WindowsException'> (0x00000000d7440440) thrown at [C:\src\AOSP-openjdk-git\hotspot\src\share\vm\prims\jni.cpp, line 710]

Events (10 events):
Event: 10896.639 Executing VM operation: ForceSafepoint done
Event: 10896.813 Thread 0x0000000022785800 Uncommon trap: trap_request=0xffffff65 fr.pc=0x0000000005e779bc
Event: 10896.813 Thread 0x0000000022785800 DEOPT PACKING pc=0x0000000005e779bc sp=0x000000002c1ae760
Event: 10896.813 Thread 0x0000000022785800 DEOPT UNPACKING pc=0x00000000031d557b sp=0x000000002c1ae638 mode 2
Event: 10896.813 Thread 0x0000000022785800 Uncommon trap: trap_request=0xffffff65 fr.pc=0x0000000005e6ca04
Event: 10896.813 Thread 0x0000000022785800 DEOPT PACKING pc=0x0000000005e6ca04 sp=0x000000002c1ae6a0
Event: 10896.813 Thread 0x0000000022785800 DEOPT UNPACKING pc=0x00000000031d557b sp=0x000000002c1ae640 mode 2
Event: 10896.813 Thread 0x0000000022785800 Uncommon trap: trap_request=0xffffff65 fr.pc=0x0000000003556a08
Event: 10896.813 Thread 0x0000000022785800 DEOPT PACKING pc=0x0000000003556a08 sp=0x000000002c1ae700
Event: 10896.813 Thread 0x0000000022785800 DEOPT UNPACKING pc=0x00000000031d557b sp=0x000000002c1ae6a8 mode 2


Dynamic libraries:
0x00007ff7f8ae0000 - 0x00007ff7f8b11000 	E:\Android\jre\bin\java.exe
0x00007ffc7c4e0000 - 0x00007ffc7c6d0000 	C:\WINDOWS\SYSTEM32\ntdll.dll
0x00007ffc7af20000 - 0x00007ffc7afd2000 	C:\WINDOWS\System32\KERNEL32.DLL
0x00007ffc79f50000 - 0x00007ffc7a1f5000 	C:\WINDOWS\System32\KERNELBASE.dll
0x00007ffc7b000000 - 0x00007ffc7b0a3000 	C:\WINDOWS\System32\ADVAPI32.dll
0x00007ffc7c2a0000 - 0x00007ffc7c33e000 	C:\WINDOWS\System32\msvcrt.dll
0x00007ffc7c200000 - 0x00007ffc7c297000 	C:\WINDOWS\System32\sechost.dll
0x00007ffc7a780000 - 0x00007ffc7a8a0000 	C:\WINDOWS\System32\RPCRT4.dll
0x00007ffc7bff0000 - 0x00007ffc7c185000 	C:\WINDOWS\System32\USER32.dll
0x00007ffc7a220000 - 0x00007ffc7a241000 	C:\WINDOWS\System32\win32u.dll
0x00007ffc7bb20000 - 0x00007ffc7bb46000 	C:\WINDOWS\System32\GDI32.dll
0x00007ffc7a250000 - 0x00007ffc7a3e6000 	C:\WINDOWS\System32\gdi32full.dll
0x00007ffc79580000 - 0x00007ffc7961e000 	C:\WINDOWS\System32\msvcp_win.dll
0x00007ffc79e50000 - 0x00007ffc79f4a000 	C:\WINDOWS\System32\ucrtbase.dll
0x00007ffc62cf0000 - 0x00007ffc62f74000 	C:\WINDOWS\WinSxS\amd64_microsoft.windows.common-controls_6595b64144ccf1df_6.0.18362.1082_none_9e8193e1e45b25c1\COMCTL32.dll
0x00007ffc7b0f0000 - 0x00007ffc7b425000 	C:\WINDOWS\System32\combase.dll
0x00007ffc79620000 - 0x00007ffc796a0000 	C:\WINDOWS\System32\bcryptPrimitives.dll
0x00007ffc7b0c0000 - 0x00007ffc7b0ee000 	C:\WINDOWS\System32\IMM32.DLL
0x000000005aa60000 - 0x000000005ab32000 	E:\Android\jre\jre\bin\msvcr100.dll
0x000000005ae90000 - 0x000000005b6db000 	E:\Android\jre\jre\bin\server\jvm.dll
0x00007ffc7b0b0000 - 0x00007ffc7b0b8000 	C:\WINDOWS\System32\PSAPI.DLL
0x00007ffc72c30000 - 0x00007ffc72c3a000 	C:\WINDOWS\SYSTEM32\VERSION.dll
0x00007ffc72c90000 - 0x00007ffc72cb4000 	C:\WINDOWS\SYSTEM32\WINMM.dll
0x00007ffc756e0000 - 0x00007ffc756e9000 	C:\WINDOWS\SYSTEM32\WSOCK32.dll
0x00007ffc7c190000 - 0x00007ffc7c1ff000 	C:\WINDOWS\System32\WS2_32.dll
0x00007ffc72c60000 - 0x00007ffc72c8d000 	C:\WINDOWS\SYSTEM32\WINMMBASE.dll
0x00007ffc7a3f0000 - 0x00007ffc7a43a000 	C:\WINDOWS\System32\cfgmgr32.dll
0x00007ffc73f10000 - 0x00007ffc73f1f000 	E:\Android\jre\jre\bin\verify.dll
0x00007ffc734f0000 - 0x00007ffc73519000 	E:\Android\jre\jre\bin\java.dll
0x00007ffc721e0000 - 0x00007ffc721f6000 	E:\Android\jre\jre\bin\zip.dll
0x00007ffc7b430000 - 0x00007ffc7bb17000 	C:\WINDOWS\System32\SHELL32.dll
0x00007ffc7bb50000 - 0x00007ffc7bbf9000 	C:\WINDOWS\System32\shcore.dll
0x00007ffc796a0000 - 0x00007ffc79e20000 	C:\WINDOWS\System32\windows.storage.dll
0x00007ffc79420000 - 0x00007ffc79443000 	C:\WINDOWS\System32\profapi.dll
0x00007ffc793b0000 - 0x00007ffc793fa000 	C:\WINDOWS\System32\powrprof.dll
0x00007ffc793a0000 - 0x00007ffc793b0000 	C:\WINDOWS\System32\UMPDC.dll
0x00007ffc7bf90000 - 0x00007ffc7bfe2000 	C:\WINDOWS\System32\shlwapi.dll
0x00007ffc79450000 - 0x00007ffc79461000 	C:\WINDOWS\System32\kernel.appcore.dll
0x00007ffc7a200000 - 0x00007ffc7a217000 	C:\WINDOWS\System32\cryptsp.dll
0x00007ffc6e460000 - 0x00007ffc6e47a000 	E:\Android\jre\jre\bin\net.dll
0x00007ffc78bf0000 - 0x00007ffc78c57000 	C:\WINDOWS\system32\mswsock.dll
0x00007ffc6e440000 - 0x00007ffc6e453000 	E:\Android\jre\jre\bin\nio.dll
0x00007ffc547d0000 - 0x00007ffc547f6000 	C:\Users\Jeevan.DESKTOP-JPTEO2O.000\.gradle\native\31\windows-amd64\native-platform.dll
0x00007ffc73850000 - 0x00007ffc7385d000 	E:\Android\jre\jre\bin\management.dll
0x00007ffc78760000 - 0x00007ffc78793000 	C:\WINDOWS\system32\rsaenh.dll
0x00007ffc79e20000 - 0x00007ffc79e46000 	C:\WINDOWS\System32\bcrypt.dll
0x00007ffc792c0000 - 0x00007ffc792e5000 	C:\WINDOWS\SYSTEM32\USERENV.dll
0x00007ffc78dc0000 - 0x00007ffc78dcc000 	C:\WINDOWS\SYSTEM32\CRYPTBASE.dll
0x00007ffc78900000 - 0x00007ffc7893a000 	C:\WINDOWS\SYSTEM32\IPHLPAPI.DLL
0x00007ffc7aff0000 - 0x00007ffc7aff8000 	C:\WINDOWS\System32\NSI.dll
0x00007ffc71880000 - 0x00007ffc71896000 	C:\WINDOWS\SYSTEM32\dhcpcsvc6.DLL
0x00007ffc71840000 - 0x00007ffc7185c000 	C:\WINDOWS\SYSTEM32\dhcpcsvc.DLL
0x00007ffc78940000 - 0x00007ffc78a0b000 	C:\WINDOWS\SYSTEM32\DNSAPI.dll
0x00007ffc6ec50000 - 0x00007ffc6ec74000 	E:\Android\jre\jre\bin\sunec.dll
0x00007ffc72350000 - 0x00007ffc7235a000 	C:\Windows\System32\rasadhlp.dll
0x00007ffc708c0000 - 0x00007ffc70937000 	C:\WINDOWS\System32\fwpuclnt.dll
0x00007ffc6ed20000 - 0x00007ffc6ed2b000 	E:\Android\jre\jre\bin\sunmscapi.dll
0x00007ffc7a440000 - 0x00007ffc7a589000 	C:\WINDOWS\System32\CRYPT32.dll
0x00007ffc79400000 - 0x00007ffc79412000 	C:\WINDOWS\System32\MSASN1.dll

VM Arguments:
jvm_args: -Xmx2048m -Dfile.encoding=windows-1252 -Duser.country=US -Duser.language=en -Duser.variant 
java_command: org.gradle.launcher.daemon.bootstrap.GradleDaemon 6.1.1
java_class_path (initial): C:\Users\Jeevan.DESKTOP-JPTEO2O.000\.gradle\wrapper\dists\gradle-6.1.1-all\cfmwm155h49vnt3hynmlrsdst\gradle-6.1.1\lib\gradle-launcher-6.1.1.jar
Launcher Type: SUN_STANDARD

Environment Variables:
PATH=E:\download\Scripts\;E:\download\;C:\Users\Jeevan.DESKTOP-JPTEO2O.000\AppData\Local\Programs\Python\Python38\Scripts\;C:\Users\Jeevan.DESKTOP-JPTEO2O.000\AppData\Local\Programs\Python\Python38\;C:\Python38\Scripts\;C:\Python38\;C:\Users\Jeevan.DESKTOP-JPTEO2O.000\Desktop\java\jdk-11.0.5\bin;C:\WINDOWS\system32;C:\WINDOWS;C:\WINDOWS\System32\Wbem;C:\WINDOWS\System32\WindowsPowerShell\v1.0\;C:\WINDOWS\System32\OpenSSH\;C:\Program Files (x86)\GtkSharp\2.12\bin;D:\Git\cmd;C:\ProgramData\chocolatey\bin;C:\Program Files\nodejs\;E:\Users\Jeevan\mongodb\bin;C:\Program Files\dotnet\;C:\Program Files\NVIDIA Corporation\NVIDIA NvDLISR;C:\Program Files (x86)\NVIDIA Corporation\PhysX\Common;C:\Program Files\Microsoft SQL Server\130\Tools\Binn\;C:\Program Files\Microsoft SQL Server\Client SDK\ODBC\170\Tools\Binn\;E:\Program Files\Matlab\runtime\win64;E:\Program Files\Matlab\bin;E:\Program Files\Matlab\polyspace\bin;E:\Ruby26-x64\bin;E:\Program Files\Ruby26-x64\bin;C:\Users\Jeevan.DESKTOP-JPTEO2O.000\AppData\Local\Microsoft\WindowsApps;C:\PHP;C:\Users\Jeevan.DESKTOP-JPTEO2O.000\AppData\Local\Microsoft\WindowsApps;C:\Users\Jeevan.DESKTOP-JPTEO2O.000\Desktop\mysql\mysql-connector-java-8.0.19;C:\Users\Jeevan.DESKTOP-JPTEO2O.000\AppData\Local\Programs\Microsoft VS Code\bin;C:\Users\Jeevan.DESKTOP-JPTEO2O.000\AppData\Roaming\npm;C:\Program Files\heroku\bin;C:\Users\Jeevan.DESKTOP-JPTEO2O.000\.deno\bin;C:\Users\Jeevan.DESKTOP-JPTEO2O.000\Desktop\SQLite;C:\Users\Jeevan.DESKTOP-JPTEO2O.000\AppData\Roaming\Microsoft\Windows\Start Menu\Programs\Anaconda3 (64-bit);C:\Program Files\apache-maven-3.6.3\bin;C:\Users\Jeevan.DESKTOP-JPTEO2O.000\.npm-global;C:\Users\Jeevan.DESKTOP-JPTEO2O.000\.npm-global\netlify;C:\Windows\Microsoft.NET\Framework\v4.0.30319;C:\Users\Jeevan.DESKTOP-JPTEO2O.000\AppData\Local\Android\Sdk\platform-tools\adb;C:\Users\Jeevan.DESKTOP-JPTEO2O.000\.dotnet\tools;C:\Users\Jeevan.DESKTOP-JPTEO2O.000\AppData\Roaming\Python\Python37\Scripts;C:\Program Files (x86)\GitHub CLI\
USERNAME=Jeevan
OS=Windows_NT
PROCESSOR_IDENTIFIER=Intel64 Family 6 Model 142 Stepping 10, GenuineIntel



---------------  S Y S T E M  ---------------

OS: Windows 10.0 , 64 bit Build 18362 (10.0.18362.1082)

CPU:total 8 (initial active 8) (4 cores per cpu, 2 threads per core) family 6 model 142 stepping 10, cmov, cx8, fxsr, mmx, sse, sse2, sse3, ssse3, sse4.1, sse4.2, popcnt, avx, avx2, aes, clmul, erms, 3dnowpref, lzcnt, ht, tsc, tscinvbit, bmi1, bmi2, adx

Memory: 4k page, physical 8270220k(288348k free), swap 18825612k(0k free)

vm_info: OpenJDK 64-Bit Server VM (25.242-b01) for windows-amd64 JRE (1.8.0_242-release-1644-b01), built by "builder" with MS VC++ 10.0 (VS2010)

time: Wed Oct 28 20:54:35 2020
timezone: Nepal Standard Time
elapsed time: 10896 seconds (0d 3h 1m 36s)

